97.121402
100.000000
99.625000
99.749059
99.251870
99.500000
99.874372
99.625000
99.749373
99.624531
99.874687
99.875000
99.251870
99.874687
99.374218
99.875000
99.625468
99.376559
99.874529
99.375780
99.624060
99.750000
99.625000
99.874687
99.127182
99.748428
99.253731
99.501247
99.499374
99.250000
99.749373
99.750000
100.000000
99.500624
99.749059
99.749373
99.500624
99.750312
99.874687
98.875000
99.375780
99.749687
99.372647
100.000000
99.001248
99.875000
99.749373
99.375000
99.376559
99.125000
99.874844
99.129353
99.624060
99.749373
99.126092
99.874687
99.749687
99.625000
99.874687
99.250936
99.625000
99.874372
99.500624
99.624060
99.128269
99.749373
99.749687
99.750312
99.749373
99.499374
99.749687
99.748744
99.500624
99.750000
98.876404
100.000000
99.625468
99.749373
99.874844
99.374218
99.749687
99.874687
99.500624
99.749373
99.249061
99.875000
99.624531
99.251870
99.750000
99.874687
99.749059
99.874844
99.624531
99.874687
99.500000
99.749687
99.500624
99.874844
99.749687
99.623588
99.625000
99.498747
99.625000
99.749687
98.631841
100.000000
99.875156
99.750312
99.623588
99.249061
100.000000
99.625000
99.624060
99.625468
99.499374
99.500000
99.749687
99.749373
100.000000
99.500000
100.000000
99.624060
99.749687
99.874529
99.250936
99.749687
99.749059
100.000000
99.749687
98.876404
99.624060
99.749059
99.625468
99.749687
99.247177
99.874844
99.253731
99.874529
99.625935
99.127182
99.749059
99.874529
99.750312
99.875156
99.375780
100.000000
100.000000
99.500000
99.749373
99.373434
99.625000
99.875156
99.624531
99.749373
99.624060
99.874844
99.500000
99.624531
99.749373
99.624531
99.377335
99.375000
99.874687
99.874844
98.625000
99.874844
99.750000
99.749373
99.499374
98.753117
99.875000
99.875000
99.874687
99.251870
99.374218
99.874844
99.874687
99.875000
99.500000
99.372647
100.000000
100.000000
99.874687
99.875000
99.127182
99.874687
99.874844
99.624531
99.500624
98.503741
99.874844
100.000000
99.749373
99.749687
99.123905
99.749373
99.749687
99.624531
99.749373
99.250936
99.624531
99.750000
