98.250000
98.870765
99.624531
99.749687
99.001248
100.000000
99.750623
99.874529
99.250936
99.250936
99.127182
99.623588
99.874844
99.875000
99.500000
99.874844
99.874687
99.874372
99.376559
99.250936
99.624060
99.874844
99.874844
99.874687
99.500000
99.875000
99.749687
99.625000
99.748744
99.250936
99.749687
99.625000
99.874529
99.750312
98.998748
99.500000
99.749687
99.750000
99.874687
99.249061
99.750000
99.874844
99.247177
99.500624
99.500624
99.749687
99.624531
99.375780
100.000000
99.249061
99.375000
99.252802
99.874844
100.000000
99.500000
99.749373
99.624060
98.748436
99.749687
99.125000
99.874687
99.875156
99.874844
99.624531
99.623588
99.874687
99.625000
99.250936
99.624531
99.499374
99.376559
99.625468
99.874529
99.749687
99.375000
99.376559
99.624531
99.874687
99.750000
99.126092
99.750000
100.000000
99.501247
99.249061
99.874529
99.875156
99.874844
99.874687
99.750000
99.499374
99.749373
99.251870
99.874844
99.875000
99.874529
99.625000
99.750000
99.874529
99.874844
99.498747
99.252802
99.874844
99.749687
99.625000
98.751561
99.874214
99.625468
99.625000
99.874529
99.001248
99.749373
99.875000
99.874687
99.875000
99.375780
99.500624
99.874687
100.000000
99.625000
99.248120
99.874687
99.253731
99.874529
99.749373
99.375000
99.875000
100.000000
99.874844
100.000000
99.625000
99.875000
99.126092
99.749373
99.874687
98.754670
99.750000
99.874687
99.874687
99.874529
99.375780
99.749373
99.750312
99.500000
99.375000
99.251870
99.750000
99.874687
99.375000
99.749373
99.750000
99.874844
99.874529
99.500624
99.749373
99.500000
99.749373
99.248120
99.874687
99.874844
99.249061
99.750312
99.874844
99.875000
99.749059
99.374218
99.500624
99.750312
99.874529
99.625000
99.375000
99.624060
99.749373
99.750000
99.625935
99.373434
99.875000
99.749059
99.875000
99.749059
99.002494
99.749687
99.874529
99.874844
99.375780
99.250000
99.750000
99.875000
99.874844
99.374218
99.500000
99.875000
99.249061
99.375780
99.874844
99.374218
99.500000
99.749373
100.000000
99.874844
99.122807
99.874687
99.750312
