99.375000
99.624060
98.115578
99.251870
99.375000
99.874372
99.750312
99.749687
99.749687
99.250936
99.874529
100.000000
99.749687
99.749373
99.375000
99.874372
99.624531
99.749373
99.501868
99.375780
99.749059
99.749373
99.750000
99.750000
99.374218
99.750312
99.874214
99.375000
99.749373
99.374218
100.000000
99.875000
99.499374
99.498747
99.624531
99.750312
100.000000
99.750312
99.874529
99.874844
99.749373
99.625468
99.748744
99.499374
99.500000
99.875000
99.624531
99.750312
99.749059
99.500624
99.874844
100.000000
99.749373
99.499374
99.001248
99.874214
99.625468
99.624531
99.498118
99.874687
99.624531
99.750312
99.874687
99.874844
99.500000
100.000000
99.874844
100.000000
99.625468
99.749059
99.874687
99.874529
99.624531
99.750000
98.375000
99.251870
99.625468
100.000000
99.874687
99.624531
99.749059
99.874529
99.749687
99.875000
99.122807
99.625935
99.874844
99.749687
99.625468
99.246231
99.624531
99.748744
99.625468
99.625000
98.122653
99.874844
99.624531
99.749059
100.000000
99.375780
99.749373
99.000000
99.874844
99.625000
98.748436
99.749687
99.874844
99.874844
99.749687
97.750000
100.000000
99.875000
99.249061
99.750000
99.498747
99.875000
99.251870
100.000000
99.874529
99.373434
99.749059
99.749373
99.750312
100.000000
99.375780
99.623588
100.000000
99.750000
99.749373
99.623116
99.874844
99.875000
99.377335
99.874372
99.498747
99.625468
99.251870
99.874372
99.874844
100.000000
99.624531
99.624531
99.127182
99.625468
99.375780
99.749059
99.749687
99.501868
99.498747
99.624531
99.874687
99.875000
100.000000
100.000000
99.498747
99.248120
99.874844
99.874844
99.874844
99.625000
99.874687
99.750000
100.000000
99.749687
99.498118
100.000000
99.874844
99.874687
99.750623
98.998748
100.000000
100.000000
99.750000
99.875000
100.000000
99.875000
99.500624
99.624531
100.000000
99.749059
99.377335
99.623116
99.874687
99.875000
99.251870
100.000000
99.251870
100.000000
99.376559
99.374218
99.874844
99.875156
99.375780
99.749373
99.500000
100.000000
99.251870
99.750000
99.749687
99.624060
99.874844
99.749687
