96.996245
100.000000
100.000000
99.874372
99.875000
99.750000
99.875000
99.373434
99.749059
99.625000
99.874844
99.374218
99.127182
99.500624
99.377335
99.749059
99.625000
99.122807
100.000000
99.252802
100.000000
99.874844
99.127182
99.749373
99.874844
99.874687
99.501247
99.123905
99.874844
99.749059
100.000000
99.750000
99.375000
99.750312
100.000000
99.875000
100.000000
99.498747
99.750000
99.501247
99.750000
99.874844
99.497487
99.500000
99.375780
99.002494
100.000000
99.624060
99.874844
100.000000
99.749687
99.874687
99.500000
100.000000
99.750000
99.251870
99.749059
99.373434
99.750000
99.750000
100.000000
99.875000
99.874844
99.874214
99.749687
99.750312
99.128269
99.248120
100.000000
99.376559
99.750000
99.874529
99.623116
99.376559
99.749687
99.749059
99.874844
99.750623
98.997494
100.000000
99.875000
99.875000
99.625000
99.748744
99.874687
99.874844
99.251870
99.250936
99.874844
99.497487
99.501247
99.500624
99.498747
99.874529
99.750312
99.499374
99.875156
99.249061
99.874687
99.499374
99.750000
100.000000
99.375780
99.874687
99.375780
98.879203
100.000000
98.877805
99.874844
99.500624
99.875000
99.748428
99.874844
100.000000
99.874687
99.875000
99.749687
99.249061
99.874687
99.625000
99.749687
99.874529
99.002494
99.624060
99.501247
99.748744
99.875000
99.125000
99.874687
99.750000
99.875000
99.749373
99.498118
99.251870
99.501247
99.625468
99.874844
99.623588
99.874687
98.503741
100.000000
99.874844
99.500000
99.623588
99.874687
99.750000
99.874844
99.250936
99.874529
99.625000
99.874844
99.375000
99.003736
99.500000
100.000000
99.498747
100.000000
98.631841
99.875156
99.874372
99.875000
99.875156
99.623588
99.624531
99.874687
99.749373
99.875000
98.998748
99.874687
99.749373
99.874844
99.749687
99.625468
99.750000
99.499374
99.003736
99.749687
99.499374
99.875000
99.624531
100.000000
99.874844
99.500000
99.624060
99.875156
99.874687
99.874844
99.126092
99.750312
99.624531
100.000000
99.749687
99.625000
99.749687
99.875000
99.874372
99.750312
99.375780
99.874844
99.500000
99.250000
99.874687
